DastyarAdvertising/build/intermediates/manifest_merge_blame_file/debug/manifest-merger-blame-debug-report.txt
1<?xml version="1.0" encoding="utf-8"?>
2<manifest xmlns:android="http://schemas.android.com/apk/res/android"
3    package="ir.drmazhabi.dastyaradvertisingsample" >
4
5    <uses-sdk
6        android:minSdkVersion="16"
6-->src\main\AndroidManifest.xml
7        android:targetSdkVersion="32" />
7-->src\main\AndroidManifest.xml
8
9    <uses-permission android:name="android.permission.INTERNET" />
9-->src\main\AndroidManifest.xml:5:5-67
9-->src\main\AndroidManifest.xml:5:22-64
10
11    <application android:usesCleartextTraffic="true" >
11-->src\main\AndroidManifest.xml:7:5-11:19
11-->src\main\AndroidManifest.xml:7:18-53
12        <activity
12-->src\main\AndroidManifest.xml:8:9-10:40
13            android:name="ir.drmazhabi.dastyaradvertisingsample.DastyarFullScreenAdView"
13-->src\main\AndroidManifest.xml:9:13-89
14            android:exported="false" />
14-->src\main\AndroidManifest.xml:10:13-37
15    </application>
16
17</manifest>